[0.037s] Invoking command in '/home/junge/ros2_ws/build/my_robot_interfaces': CMAKE_PREFIX_PATH=${CMAKE_PREFIX_PATH}:/home/junge/ros2_ws/install/my_py_pkg:/opt/ros/jazzy DEBUGINFOD_URLS=https://debuginfod.ubuntu.com /usr/bin/cmake --build /home/junge/ros2_ws/build/my_robot_interfaces -- -j4 -l4
[0.196s] -- Found ament_cmake: 2.5.4 (/opt/ros/jazzy/share/ament_cmake/cmake)
[0.310s] -- Found Python3: /usr/bin/python3 (found version "3.12.3") found components: Interpreter 
[0.560s] -- Found rosidl_default_generators: 1.6.0 (/opt/ros/jazzy/share/rosidl_default_generators/cmake)
[0.568s] -- Using all available rosidl_typesupport_c: rosidl_typesupport_fastrtps_c;rosidl_typesupport_introspection_c
[0.678s] -- Using all available rosidl_typesupport_cpp: rosidl_typesupport_fastrtps_cpp;rosidl_typesupport_introspection_cpp
[0.771s] -- Found rosidl_adapter: 4.6.5 (/opt/ros/jazzy/share/rosidl_adapter/cmake)
[1.273s] [31mCMake Error at /opt/ros/jazzy/share/rosidl_adapter/cmake/rosidl_adapt_interfaces.cmake:57 (message):
[1.273s]   execute_process(/usr/bin/python3 -m rosidl_adapter --package-name
[1.273s]   my_robot_interfaces --arguments-file
[1.273s]   /home/junge/ros2_ws/build/my_robot_interfaces/rosidl_adapter__arguments__my_robot_interfaces.json
[1.274s]   --output-dir
[1.274s]   /home/junge/ros2_ws/build/my_robot_interfaces/rosidl_adapter/my_robot_interfaces
[1.274s]   --output-file
[1.275s]   /home/junge/ros2_ws/build/my_robot_interfaces/rosidl_adapter/my_robot_interfaces.idls)
[1.275s]   returned error code 1:
[1.275s] 
[1.275s]   Error processing 'int led_number' of 'my_robot_interfaces/SetLed_Request':
[1.275s]   ''int' is an invalid message name.  It should have the pattern
[1.275s]   '^[A-Z][A-Za-z0-9]*$''
[1.276s] 
[1.276s]   Traceback (most recent call last):
[1.276s] 
[1.276s]     File "<frozen runpy>", line 198, in _run_module_as_main
[1.276s]     File "<frozen runpy>", line 88, in _run_code
[1.276s]     File "/opt/ros/jazzy/lib/python3.12/site-packages/rosidl_adapter/__main__.py", line 19, in <module>
[1.277s]       sys.exit(main())
[1.277s]                ^^^^^^
[1.277s]     File "/opt/ros/jazzy/lib/python3.12/site-packages/rosidl_adapter/main.py", line 53, in main
[1.277s]       abs_idl_file = convert_to_idl(
[1.277s]                      ^^^^^^^^^^^^^^^
[1.278s]     File "/opt/ros/jazzy/lib/python3.12/site-packages/rosidl_adapter/__init__.py", line 24, in convert_to_idl
[1.278s]       return convert_srv_to_idl(
[1.278s]              ^^^^^^^^^^^^^^^^^^^
[1.278s]     File "/opt/ros/jazzy/lib/python3.12/site-packages/rosidl_adapter/srv/__init__.py", line 28, in convert_srv_to_idl
[1.278s]       srv = parse_service_string(package_name, input_file.stem, content)
[1.278s]             ^^^^^^^^^^^^^^^^^^^^^^^^^^^^^^^^^^^^^^^^^^^^^^^^^^^^^^^^^^^^
[1.279s]     File "/opt/ros/jazzy/lib/python3.12/site-packages/rosidl_adapter/parser.py", line 860, in parse_service_string
[1.279s]       request_message = parse_message_string(
[1.279s]                         ^^^^^^^^^^^^^^^^^^^^^
[1.279s]     File "/opt/ros/jazzy/lib/python3.12/site-packages/rosidl_adapter/parser.py", line 521, in parse_message_string
[1.279s]       Type(type_string, context_package_name=pkg_name),
[1.279s]       ^^^^^^^^^^^^^^^^^^^^^^^^^^^^^^^^^^^^^^^^^^^^^^^^
[1.280s]     File "/opt/ros/jazzy/lib/python3.12/site-packages/rosidl_adapter/parser.py", line 278, in __init__
[1.280s]       super(Type, self).__init__(
[1.280s]     File "/opt/ros/jazzy/lib/python3.12/site-packages/rosidl_adapter/parser.py", line 206, in __init__
[1.280s]       raise InvalidResourceName(
[1.280s] 
[1.280s]   rosidl_adapter.parser.InvalidResourceName: 'int' is an invalid message
[1.281s]   name.  It should have the pattern '^[A-Z][A-Za-z0-9]*$'
[1.281s] 
[1.281s] Call Stack (most recent call first):
[1.281s]   /opt/ros/jazzy/share/rosidl_cmake/cmake/rosidl_generate_interfaces.cmake:132 (rosidl_adapt_interfaces)
[1.281s]   CMakeLists.txt:13 (rosidl_generate_interfaces)
[1.281s] 
[1.282s] [0m
[1.282s] -- Configuring incomplete, errors occurred!
[1.302s] gmake: *** [Makefile:1355: cmake_check_build_system] Error 1
[1.311s] Invoked command in '/home/junge/ros2_ws/build/my_robot_interfaces' returned '2': CMAKE_PREFIX_PATH=${CMAKE_PREFIX_PATH}:/home/junge/ros2_ws/install/my_py_pkg:/opt/ros/jazzy DEBUGINFOD_URLS=https://debuginfod.ubuntu.com /usr/bin/cmake --build /home/junge/ros2_ws/build/my_robot_interfaces -- -j4 -l4
